
> foodee@0.1.0 dev
> next dev --turbopack

   ▲ Next.js 15.4.4 (Turbopack)
   - Local:        http://localhost:3000
   - Network:      http://192.168.1.103:3000

 ✓ Starting...
 ✓ Ready in 787ms
 ○ Compiling / ...
 ✓ Compiled / in 1562ms
 GET / 200 in 1798ms
 GET / 200 in 72ms
 GET / 200 in 40ms
 ✓ Compiled /login in 455ms
 GET /login 200 in 485ms
 GET / 200 in 45ms
 GET / 200 in 84ms
 GET /login 200 in 43ms
 GET / 200 in 55ms
 ✓ Compiled /_not-found/page in 201ms
 GET /images/avatars/seller-avatar.jpg 404 in 270ms
 ✓ Compiled /profile/[id] in 252ms
 GET /profile/2 200 in 679ms
 GET /images/avatars/seller-avatar.jpg 404 in 66ms
 GET /images/products/banh-mi.jpg 404 in 76ms
 ⨯ The requested resource isn't a valid image for /images/products/banh-mi.jpg received text/html; charset=utf-8
 GET /images/products/pho.jpg 404 in 79ms
 ⨯ The requested resource isn't a valid image for /images/products/pho.jpg received text/html; charset=utf-8
 GET /images/products/com-tam.jpg 404 in 129ms
 ⨯ The requested resource isn't a valid image for /images/products/com-tam.jpg received text/html; charset=utf-8
 GET /images/products/tra-sua.jpg 404 in 131ms
 ⨯ The requested resource isn't a valid image for /images/products/tra-sua.jpg received text/html; charset=utf-8
 GET /images/avatars/seller-avatar.jpg 404 in 66ms
 GET /profile/2 200 in 93ms
 GET /images/avatars/seller-avatar.jpg 404 in 50ms
 GET /images/products/banh-mi.jpg 404 in 81ms
 ⨯ The requested resource isn't a valid image for /images/products/banh-mi.jpg received text/html; charset=utf-8
 GET /images/products/pho.jpg 404 in 100ms
 ⨯ The requested resource isn't a valid image for /images/products/pho.jpg received text/html; charset=utf-8
 GET /images/products/com-tam.jpg 404 in 122ms
 ⨯ The requested resource isn't a valid image for /images/products/com-tam.jpg received text/html; charset=utf-8
 GET /images/products/tra-sua.jpg 404 in 143ms
 ⨯ The requested resource isn't a valid image for /images/products/tra-sua.jpg received text/html; charset=utf-8
 GET /messages/2 404 in 37ms
 GET /messages/2 404 in 42ms
 GET /profile/2 200 in 65ms
 GET /images/avatars/seller-avatar.jpg 404 in 66ms
 GET /messages 404 in 45ms
 GET /messages 404 in 37ms
 GET /profile/2 200 in 56ms
 GET /images/avatars/seller-avatar.jpg 404 in 46ms
 GET /messages/2 404 in 36ms
 GET /messages/2 404 in 34ms
 GET /profile/2 200 in 53ms
 GET /images/avatars/seller-avatar.jpg 404 in 58ms
 GET /images/avatars/seller-avatar.jpg 404 in 67ms
 GET /images/avatars/seller-avatar.jpg 404 in 158ms
 GET /images/avatars/seller-avatar.jpg 404 in 74ms
 GET /images/default-avatar.png 404 in 79ms
 GET /images/avatars/seller-avatar.jpg 404 in 87ms
 GET /images/default-avatar.png 404 in 80ms
 GET /images/avatars/seller-avatar.jpg 404 in 76ms
 GET /images/avatars/seller-avatar.jpg 404 in 42ms
 ✓ Compiled /profile/[id] in 63ms
 GET /images/avatars/seller-avatar.jpg 404 in 379ms
 GET /profile/2 200 in 394ms
 GET /profile/2 200 in 405ms
 GET /profile/2 200 in 442ms
 GET /profile/2 200 in 444ms
 GET /images/products/banh-mi.jpg 404 in 63ms
 ⨯ The requested resource isn't a valid image for /images/products/banh-mi.jpg received text/html; charset=utf-8
 GET /images/avatars/seller-avatar.jpg 404 in 129ms
 GET /images/products/tra-sua.jpg 404 in 130ms
 ⨯ The requested resource isn't a valid image for /images/products/tra-sua.jpg received text/html; charset=utf-8
 GET /images/avatars/seller-avatar.jpg 404 in 135ms
 GET /images/products/pho.jpg 404 in 32ms
 ⨯ The requested resource isn't a valid image for /images/products/pho.jpg received text/html; charset=utf-8
 GET /images/products/com-tam.jpg 404 in 57ms
 ⨯ The requested resource isn't a valid image for /images/products/com-tam.jpg received text/html; charset=utf-8
 ✓ Compiled in 84ms
 GET /profile/2 200 in 289ms
 GET /images/avatars/seller-avatar.jpg 404 in 74ms
 GET /images/products/com-tam.jpg 404 in 80ms
 ⨯ The requested resource isn't a valid image for /images/products/com-tam.jpg received text/html; charset=utf-8
 GET /images/products/banh-mi.jpg 404 in 117ms
 ⨯ The requested resource isn't a valid image for /images/products/banh-mi.jpg received text/html; charset=utf-8
 GET /images/products/pho.jpg 404 in 128ms
 ⨯ The requested resource isn't a valid image for /images/products/pho.jpg received text/html; charset=utf-8
 GET /images/products/tra-sua.jpg 404 in 148ms
 ⨯ The requested resource isn't a valid image for /images/products/tra-sua.jpg received text/html; charset=utf-8
 GET /images/avatars/seller-avatar.jpg 404 in 61ms
 GET /images/avatars/seller-avatar.jpg 404 in 59ms
 GET /images/avatars/seller-avatar.jpg 404 in 67ms
 GET /images/avatars/seller-avatar.jpg 404 in 89ms
 GET /images/avatars/seller-avatar.jpg 404 in 57ms
 GET /images/avatars/seller-avatar.jpg 404 in 54ms
 GET /images/avatars/seller-avatar.jpg 404 in 62ms
